<?xml version="1.0" encoding="UTF-8"?>
<!-- Generated by org.testng.reporters.JUnitReportReporter -->
<testsuite hostname="LAPTOP-FM8IMQNS" failures="0" tests="2" name="com.Medal.I1" time="0.008" errors="0" timestamp="2022-04-05T17:18:25 IST" skipped="0">
  <testcase classname="com.Medal.I1" name="bb" time="0.001"/>
  <system-out/>
  <testcase classname="com.Medal.I1" name="aa" time="0.007"/>
  <system-out/>
</testsuite> <!-- com.Medal.I1 -->
