<?xml version="1.0" encoding="UTF-8"?>
<!-- Generated by org.testng.reporters.JUnitReportReporter -->
<testsuite hostname="LAPTOP-FM8IMQNS" failures="0" tests="3" name="com.Medal.Dependency_" time="7.235" errors="0" timestamp="2022-04-05T12:42:42 IST" skipped="0">
  <testcase classname="com.Medal.Dependency_" name="bb" time="0.063"/>
  <system-out/>
  <testcase classname="com.Medal.Dependency_" name="cc" time="4.556"/>
  <system-out/>
  <testcase classname="com.Medal.Dependency_" name="aa" time="2.616"/>
  <system-out/>
</testsuite> <!-- com.Medal.Dependency_ -->
