<?xml version="1.0" encoding="UTF-8"?>
<!-- Generated by org.testng.reporters.JUnitReportReporter -->
<testsuite hostname="LAPTOP-FM8IMQNS" failures="0" tests="2" name="com.Medal.Parallelll" time="20.170" errors="0" timestamp="2022-04-03T12:33:00 IST" skipped="0">
  <testcase classname="com.Medal.Parallelll" name="youtube" time="6.981"/>
  <system-out/>
  <testcase classname="com.Medal.Parallelll" name="amazon" time="13.189"/>
  <system-out/>
</testsuite> <!-- com.Medal.Parallelll -->
