<?xml version="1.0" encoding="UTF-8"?>
<!-- Generated by org.testng.reporters.JUnitReportReporter -->
<testsuite hostname="LAPTOP-FM8IMQNS" failures="0" tests="1" name="com.Medal.Project_Swag_FIlter" time="14.128" errors="0" timestamp="2022-04-03T11:52:34 IST" skipped="0">
  <testcase classname="com.Medal.Project_Swag_FIlter" name="filter_Funtionalities" time="14.128"/>
  <system-out/>
</testsuite> <!-- com.Medal.Project_Swag_FIlter -->
