<?xml version="1.0" encoding="UTF-8"?>
<!-- Generated by org.testng.reporters.JUnitReportReporter -->
<testsuite hostname="LAPTOP-FM8IMQNS" failures="0" tests="2" name="com.Medal.Groupsda" time="6.299" errors="0" timestamp="2022-04-05T12:24:13 IST" skipped="0">
  <testcase classname="com.Medal.Groupsda" name="demo" time="3.123"/>
  <system-out/>
  <testcase classname="com.Medal.Groupsda" name="info" time="3.176"/>
  <system-out/>
</testsuite> <!-- com.Medal.Groupsda -->
