<?xml version="1.0" encoding="UTF-8"?>
<!-- Generated by org.testng.reporters.JUnitReportReporter -->
<testsuite hostname="LAPTOP-FM8IMQNS" failures="0" tests="3" name="com.Medal.Ignorances" time="22.912" errors="0" timestamp="2022-04-04T23:15:25 IST" skipped="0">
  <testcase classname="com.Medal.Ignorances" name="launch" time="7.618"/>
  <system-out/>
  <testcase classname="com.Medal.Ignorances" name="login" time="9.485"/>
  <system-out/>
  <testcase classname="com.Medal.Ignorances" name="Scrolling2" time="5.809"/>
  <system-out/>
</testsuite> <!-- com.Medal.Ignorances -->
