<?xml version="1.0" encoding="UTF-8"?>
<!-- Generated by org.testng.reporters.JUnitReportReporter -->
<testsuite hostname="LAPTOP-FM8IMQNS" failures="0" tests="1" name="com.Medal.Assertt" time="3.189" errors="0" timestamp="2022-04-05T16:07:44 IST" skipped="0">
  <testcase classname="com.Medal.Assertt" name="aa" time="3.189"/>
  <system-out/>
</testsuite> <!-- com.Medal.Assertt -->
