<?xml version="1.0" encoding="UTF-8"?>
<!-- Generated by org.testng.reporters.JUnitReportReporter -->
<testsuite hostname="LAPTOP-FM8IMQNS" failures="0" tests="2" name="com.Medal.Excepton_Handling" time="7.413" errors="0" timestamp="2022-04-05T11:13:18 IST" skipped="0">
  <testcase classname="com.Medal.Excepton_Handling" name="aa" time="4.365"/>
  <system-out/>
  <testcase classname="com.Medal.Excepton_Handling" name="bb" time="3.048"/>
  <system-out/>
</testsuite> <!-- com.Medal.Excepton_Handling -->
