<?xml version="1.0" encoding="UTF-8"?>
<!-- Generated by org.testng.reporters.JUnitReportReporter -->
<testsuite hostname="LAPTOP-FM8IMQNS" failures="0" tests="2" name="com.Medal.Parallell" time="5.570" errors="0" timestamp="2022-04-05T11:41:15 IST" skipped="0">
  <testcase classname="com.Medal.Parallell" name="ama" time="1.750"/>
  <system-out/>
  <testcase classname="com.Medal.Parallell" name="launch1" time="3.820"/>
  <system-out/>
</testsuite> <!-- com.Medal.Parallell -->
